= Host-specific information ====================================================
$> hostname; uname -msr
e1z1r6p24.42.us.org
Darwin 17.5.0 x86_64
$> date
Sun Sep  1 14:38:41 PDT 2019
$> gcc --version
Configured with: --prefix=/Library/Developer/CommandLineTools/usr --with-gxx-include-dir=/usr/include/c++/4.2.1
Apple LLVM version 9.1.0 (clang-902.0.39.1)
Target: x86_64-apple-darwin17.5.0
Thread model: posix
InstalledDir: /Library/Developer/CommandLineTools/usr/bin
$> clang --version
Apple LLVM version 9.1.0 (clang-902.0.39.1)
Target: x86_64-apple-darwin17.5.0
Thread model: posix
InstalledDir: /Library/Developer/CommandLineTools/usr/bin

= User files collection ========================================================
Collecting user files from Vogsphere
Repository URL: auto-exam/2019/c-exam-alone-in-the-dark-beginner/practice-exam_20190901/evjohnst6

= Git history ==================================================================
$> git -C /var/folders/_4/fx2hy4cx47s0wg6ncrmbznnh0000gp/T/tmpkOV5YN/user log --pretty='%H - %an, %ad : %s'
abeff8f932659bd24d5ecdbb1cf3844f535b936f - Evan Johnston, Sun Sep 1 14:36:50 2019 -0700 : .
6fd49d694675fda1946e9fa0a4748da71a530df5 - Evan Johnston, Sun Sep 1 14:34:47 2019 -0700 : .
bd9c2605df31dea7cd17eda81f543c507f9be85d - Evan Johnston, Sun Sep 1 14:32:47 2019 -0700 : .
3e99e3b4fd60a0e5fbf5ff8379500737616e265e - Evan Johnston, Sun Sep 1 14:32:45 2019 -0700 : .
6f36b2fbe581fe769bd973c69c3a7ed20be0a308 - Evan Johnston, Sun Sep 1 14:30:44 2019 -0700 : .
9d63cd2b746c5da58e3733c65e705cba2d8e73c2 - Evan Johnston, Sun Sep 1 14:28:41 2019 -0700 : .
2004e307a65e913c951fe15fa0a7f2217c3c441c - Evan Johnston, Sun Sep 1 14:26:39 2019 -0700 : .
 
= Collected files ==========================================
$> ls -lAR /var/folders/_4/fx2hy4cx47s0wg6ncrmbznnh0000gp/T/tmpkOV5YN/user
total 8
-rw-r--r--  1 deepthought  deepthought  1544 Sep  1 14:38 __GIT_HISTORY
drwxr-xr-x  3 deepthought  deepthought   102 Sep  1 14:38 ft_rrange
drwxr-xr-x  3 deepthought  deepthought   102 Sep  1 14:38 only_a
drwxr-xr-x  3 deepthought  deepthought   102 Sep  1 14:38 rot_13
drwxr-xr-x  3 deepthought  deepthought   102 Sep  1 14:38 union

/var/folders/_4/fx2hy4cx47s0wg6ncrmbznnh0000gp/T/tmpkOV5YN/user/ft_rrange:
total 8
-rw-r--r--  1 deepthought  deepthought  790 Sep  1 14:38 ft_rrange.c

/var/folders/_4/fx2hy4cx47s0wg6ncrmbznnh0000gp/T/tmpkOV5YN/user/only_a:
total 8
-rw-r--r--  1 deepthought  deepthought  104 Sep  1 14:38 only_a.c

/var/folders/_4/fx2hy4cx47s0wg6ncrmbznnh0000gp/T/tmpkOV5YN/user/rot_13:
total 8
-rw-r--r--  1 deepthought  deepthought  472 Sep  1 14:38 rot_13.c

/var/folders/_4/fx2hy4cx47s0wg6ncrmbznnh0000gp/T/tmpkOV5YN/user/union:
total 8
-rw-r--r--  1 deepthought  deepthought  489 Sep  1 14:38 union.c
 
= ft_rrange ====================================================================
$> gcc -Wextra -Wall -Werror main.c ft_rrange.c -o user_exe 

= Test 1 ===================================================
$> ./vleadxeiirtmoz2pftcthycg 
$> diff -U 3 user_output_test1 test1.output | cat -e

Diff OK :D
= Test 2 ===================================================
$> ./9u9f4uy2czaeiso2vh0hntka "21" "2313" "12"
$> diff -U 3 user_output_test2 test2.output | cat -e

Diff OK :D
= Test 3 ===================================================
$> ./33noebfl53nsw6b9y34h9yl0 "2147483647" "2147483640" "7"
$> diff -U 3 user_output_test3 test3.output | cat -e

Diff OK :D
= Test 4 ===================================================
$> ./wmxeok0dq53l67okr3glk70i "-2147483648" "-2147483600" "48"
$> diff -U 3 user_output_test4 test4.output | cat -e

Diff OK :D
= Test 5 ===================================================
$> ./bby8yzhv6rita787ppidb7e3 "0" "0" "1"
$> diff -U 3 user_output_test5 test5.output | cat -e

Diff OK :D
= Test 6 ===================================================
$> ./8xskbmwsob2ifs5yvv2mhsol "1795954482" "1795954492" "11"
$> diff -U 3 user_output_test6 test6.output | cat -e

Diff OK :D
= Test 7 ===================================================
$> ./c1t2y57lflzjev56axtfwytx "-5857090" "-5857084" "7"
$> diff -U 3 user_output_test7 test7.output | cat -e

Diff OK :D
= Test 8 ===================================================
$> ./gy6xdgn7zb7y62u2w549ryk4 "917492092" "917492142" "51"
$> diff -U 3 user_output_test8 test8.output | cat -e

Diff OK :D
= Test 9 ===================================================
$> ./alh3gvzqokxx5kmpmsqgi36b "1483691895" "1483691945" "51"
$> diff -U 3 user_output_test9 test9.output | cat -e

Diff OK :D
= Test 10 ==================================================
$> ./gmzj4j5243d0jcij05btjb1m "467522420" "467522382" "39"
$> diff -U 3 user_output_test10 test10.output | cat -e

Diff OK :D
= Test 11 ==================================================
$> ./m5dces3hagzrkx2z9g6lg8rm "1973300405" "1973300382" "24"
$> diff -U 3 user_output_test11 test11.output | cat -e

Diff OK :D
= Test 12 ==================================================
$> ./ov6vh9qg8rvyw75ankr7qbd4 "1220975238" "1220975287" "50"
$> diff -U 3 user_output_test12 test12.output | cat -e

Diff OK :D
= Test 13 ==================================================
$> ./y2h8x8l9ijwiov6ndykkpbez "1107625924" "1107625896" "29"
$> diff -U 3 user_output_test13 test13.output | cat -e

Diff OK :D
= Test 14 ==================================================
$> ./jbmwpcb62nspcc5ufhqy1yfi "83988962" "83989000" "39"
$> diff -U 3 user_output_test14 test14.output | cat -e

Diff OK :D
= Test 15 ==================================================
$> ./3wjxeazxz46lt8qhdjwbwqqn "933242137" "933242152" "16"
$> diff -U 3 user_output_test15 test15.output | cat -e

Diff OK :D
= Test 16 ==================================================
$> ./tkvc4dzz03a73kftvgql1g63 "1369579955" "1369579923" "33"
$> diff -U 3 user_output_test16 test16.output | cat -e

Diff OK :D
= Test 17 ==================================================
$> ./h81cftlyr1nfeb0h4a4a2ixl "515233110" "515233118" "9"
$> diff -U 3 user_output_test17 test17.output | cat -e

Diff OK :D
= Test 18 ==================================================
$> ./el5pzdlpv3eza0bdmg0kc07h "594102440" "594102437" "4"
$> diff -U 3 user_output_test18 test18.output | cat -e

Diff OK :D
= Test 19 ==================================================
$> ./bzsqc6boh27ln6zpduq2n7wu "1509309612" "1509309589" "24"
$> diff -U 3 user_output_test19 test19.output | cat -e

Diff OK :D
= Test 20 ==================================================
$> ./912jjkwt2i6qwxu47c1p42ie "1098585118" "1098585071" "48"
$> diff -U 3 user_output_test20 test20.output | cat -e

Diff OK :D
Grade: 1

= Final grade: 1 ===============================================================
