= Host-specific information ====================================================
$> hostname; uname -msr
e1z2r9p17.42.us.org
Darwin 17.4.0 x86_64
$> date
Sun Sep  1 16:09:54 PDT 2019
$> gcc --version
Configured with: --prefix=/Library/Developer/CommandLineTools/usr --with-gxx-include-dir=/usr/include/c++/4.2.1
Apple LLVM version 9.0.0 (clang-900.0.39.2)
Target: x86_64-apple-darwin17.4.0
Thread model: posix
InstalledDir: /Library/Developer/CommandLineTools/usr/bin
$> clang --version
Apple LLVM version 9.0.0 (clang-900.0.39.2)
Target: x86_64-apple-darwin17.4.0
Thread model: posix
InstalledDir: /Library/Developer/CommandLineTools/usr/bin

= User files collection ========================================================
Collecting user files from Vogsphere
Repository URL: auto-exam/2019/c-exam-alone-in-the-dark-beginner/practice-exam_20190901/evjohnst10

= Git history ==================================================================
$> git -C /var/folders/mn/ptwj92cd52j46yxg0sj3xkq40000gp/T/tmpxiIWi8/user log --pretty='%H - %an, %ad : %s'
c4a5790ae8674a66c348b6d7f706efaeaf0edb20 - Evan Johnston, Sun Sep 1 16:07:59 2019 -0700 : .
f38113c206e10e38aaaec85791927d5e155a29c5 - Evan Johnston, Sun Sep 1 16:07:58 2019 -0700 : .
d9285b6f6801988a04e89845bd430783259111cc - Evan Johnston, Sun Sep 1 16:05:57 2019 -0700 : .
80cfeb658a2500963495ddc1c243feccf5c34787 - Evan Johnston, Sun Sep 1 16:05:56 2019 -0700 : .
76a8e54f6a2f66d2fc41c2a774a8b434caa47e2f - Evan Johnston, Sun Sep 1 16:03:55 2019 -0700 : .
0fb50def7739ae83788a255ad96ac5063facd7cb - Evan Johnston, Sun Sep 1 16:03:53 2019 -0700 : .
edf70bfc7e7ca96a011f7e73f82f3407fc65ac4d - Evan Johnston, Sun Sep 1 16:01:52 2019 -0700 : .
 
= Collected files ==========================================
$> ls -lAR /var/folders/mn/ptwj92cd52j46yxg0sj3xkq40000gp/T/tmpxiIWi8/user
total 8
-rw-r--r--  1 deepthought  deepthought  1556 Sep  1 16:09 __GIT_HISTORY
drwxr-xr-x  3 deepthought  deepthought   102 Sep  1 16:09 ft_putstr
drwxr-xr-x  3 deepthought  deepthought   102 Sep  1 16:09 is_power_of_2
drwxr-xr-x  3 deepthought  deepthought   102 Sep  1 16:09 lcm
drwxr-xr-x  3 deepthought  deepthought   102 Sep  1 16:09 maff_revalpha

/var/folders/mn/ptwj92cd52j46yxg0sj3xkq40000gp/T/tmpxiIWi8/user/ft_putstr:
total 8
-rw-r--r--  1 deepthought  deepthought  202 Sep  1 16:09 ft_putstr.c

/var/folders/mn/ptwj92cd52j46yxg0sj3xkq40000gp/T/tmpxiIWi8/user/is_power_of_2:
total 8
-rw-r--r--  1 deepthought  deepthought  329 Sep  1 16:09 is_power_of_2.c

/var/folders/mn/ptwj92cd52j46yxg0sj3xkq40000gp/T/tmpxiIWi8/user/lcm:
total 8
-rw-r--r--  1 deepthought  deepthought  396 Sep  1 16:09 lcm.c

/var/folders/mn/ptwj92cd52j46yxg0sj3xkq40000gp/T/tmpxiIWi8/user/maff_revalpha:
total 8
-rw-r--r--  1 deepthought  deepthought  132 Sep  1 16:09 maff_revalpha.c
 
= lcm ==========================================================================
$> gcc -Wextra -Wall -Werror main.c lcm.c -o user_exe 

= Test 1 ===================================================
$> ./0bln6uzth0b8ncw5x8ha4tai 132 72
$> diff -U 3 user_output_test1 test1.output | cat -e

Diff OK :D
= Test 2 ===================================================
$> ./fxaq6fgvnuguupnespzme4n8 54 45
$> diff -U 3 user_output_test2 test2.output | cat -e

Diff OK :D
= Test 3 ===================================================
$> ./2bx70elpumxzr9q22qi0gcno 13 2
$> diff -U 3 user_output_test3 test3.output | cat -e

Diff OK :D
= Test 4 ===================================================
$> ./3ibg0px1jx20v5gq7hvjl4ww 41 4
$> diff -U 3 user_output_test4 test4.output | cat -e

Diff OK :D
= Test 5 ===================================================
$> ./e02a2y5yn7lhrz5sbtdv1z1c 0 1
$> diff -U 3 user_output_test5 test5.output | cat -e

Diff OK :D
= Test 6 ===================================================
$> ./plt15x5eh99kxagazg8ibbg4 1 0
$> diff -U 3 user_output_test6 test6.output | cat -e

Diff OK :D
= Test 7 ===================================================
$> ./t6dlq5wvausnd4hy9u61s4qp 67 15
$> diff -U 3 user_output_test7 test7.output | cat -e

Diff OK :D
= Test 8 ===================================================
$> ./nxu6cqiffmku3rawfvamdeh9 89 74
$> diff -U 3 user_output_test8 test8.output | cat -e

Diff OK :D
Grade: 1

= Final grade: 1 ===============================================================
