Si vous ne voyez QUE ce message, c'est mauvais signe.
server: client 2 just arrived
client 2: Bienvenue sur le test de votre miniserv
server: client 2 just left
server: client 3 just arrived
client 3: Ceci est un message
server: client 3 just left
server: client 4 just arrived
client 4: Voici un texte sans retour a la ligneserver: client 4 just left
server: client 5 just arrived
client 5: This is a text without n at the endserver: client 5 just left
server: client 6 just arrived
client 6: Et voici un texte avec plusieurs
client 6: retours
client 6: a
client 6: la
client 6: ligne
server: client 6 just left
server: client 7 just arrived
client 7: CeciestuntestdeCtrl+Ddanstonprogrammeici:Situnepassespascetest,tudevraisverifierlefonctionnementductrl+d.voiciunnouveautestserver: client 7 just left
