= Host-specific information ====================================================
$> hostname; uname -msr
e1z2r1p1.42.us.org
Darwin 17.5.0 x86_64
$> date
Sun Sep  1 17:09:24 PDT 2019
$> gcc --version
Configured with: --prefix=/Applications/Xcode.app/Contents/Developer/usr --with-gxx-include-dir=/usr/include/c++/4.2.1
Apple LLVM version 9.1.0 (clang-902.0.39.2)
Target: x86_64-apple-darwin17.5.0
Thread model: posix
InstalledDir: /Applications/Xcode.app/Contents/Developer/Toolchains/XcodeDefault.xctoolchain/usr/bin
$> clang --version
Apple LLVM version 9.1.0 (clang-902.0.39.2)
Target: x86_64-apple-darwin17.5.0
Thread model: posix
InstalledDir: /Applications/Xcode.app/Contents/Developer/Toolchains/XcodeDefault.xctoolchain/usr/bin

= User files collection ========================================================
Collecting user files from Vogsphere
Repository URL: auto-exam/2019/c-exam-alone-in-the-dark-beginner/practice-exam_20190901/evjohnst11

= Git history ==================================================================
$> git -C /var/folders/pf/dhn08h216t3c6r4knwvl0__h0000gp/T/tmpyKFd1T/user log --pretty='%H - %an, %ad : %s'
1f7a24b0ae7c3e7a5cb8f889c16074df55d4e04f - Evan Johnston, Sun Sep 1 17:07:34 2019 -0700 : .
d8a7eab105e2cdca5d14e527183a0ecefb3fd1b7 - Evan Johnston, Sun Sep 1 17:07:33 2019 -0700 : .
0c759d17aaee646048c3b3a90688d92c7d11ff43 - Evan Johnston, Sun Sep 1 17:05:31 2019 -0700 : .
11ecde0d03dfdd74f9304d293d047596e6ce2438 - Evan Johnston, Sun Sep 1 16:59:25 2019 -0700 : .
79233f071847472f8306c2e27d1a54ba41447c4b - Evan Johnston, Sun Sep 1 16:49:11 2019 -0700 : .
ae196939559aff2bd6a14e27d91eeac8aab53a3e - Evan Johnston, Sun Sep 1 16:49:09 2019 -0700 : .
9053e95ea4acec8ced8cde0d19ebe519325ecd5f - Evan Johnston, Sun Sep 1 16:47:02 2019 -0700 : .
 
= Collected files ==========================================
$> ls -lAR /var/folders/pf/dhn08h216t3c6r4knwvl0__h0000gp/T/tmpyKFd1T/user
total 8
-rw-r--r--  1 deepthought  deepthought  1548 Sep  1 17:09 __GIT_HISTORY
drwxr-xr-x  3 deepthought  deepthought   102 Sep  1 17:09 camel_to_snake
drwxr-xr-x  3 deepthought  deepthought   102 Sep  1 17:09 first_word
drwxr-xr-x  3 deepthought  deepthought   102 Sep  1 17:09 hello
drwxr-xr-x  3 deepthought  deepthought   102 Sep  1 17:09 hidenp

/var/folders/pf/dhn08h216t3c6r4knwvl0__h0000gp/T/tmpyKFd1T/user/camel_to_snake:
total 8
-rw-r--r--  1 deepthought  deepthought  353 Sep  1 17:09 camel_to_snake.c

/var/folders/pf/dhn08h216t3c6r4knwvl0__h0000gp/T/tmpyKFd1T/user/first_word:
total 8
-rw-r--r--  1 deepthought  deepthought  329 Sep  1 17:09 first_word.c

/var/folders/pf/dhn08h216t3c6r4knwvl0__h0000gp/T/tmpyKFd1T/user/hello:
total 8
-rw-r--r--  1 deepthought  deepthought  118 Sep  1 17:09 hello.c

/var/folders/pf/dhn08h216t3c6r4knwvl0__h0000gp/T/tmpyKFd1T/user/hidenp:
total 8
-rw-r--r--  1 deepthought  deepthought  406 Sep  1 17:09 hidenp.c
 
= hidenp =======================================================================
$> gcc -Wextra -Wall -Werror hidenp.c -o user_exe 

= Test 1 ===================================================
$> ./6n6oigrjsq4amk8un47o7bpp 
$> diff -U 3 user_output_test1 test1.output | cat -e

Diff OK :D
= Test 2 ===================================================
$> ./farlj7sliwhetsyp0ipcqw4x "salut a tous tout le monde"
$> diff -U 3 user_output_test2 test2.output | cat -e

Diff OK :D
= Test 3 ===================================================
$> ./35imz7trxodvrq3dgw6o17g1 "salut" "a" "tous" "tout" "le" "monde"
$> diff -U 3 user_output_test3 test3.output | cat -e

Diff OK :D
= Test 4 ===================================================
$> ./4oxlmeps6tcirhd1aklpt0xc "llo" "helllo"
$> diff -U 3 user_output_test4 test4.output | cat -e

Diff OK :D
= Test 5 ===================================================
$> ./z977wffizpwc24r2mbjdf3g1 "6I2pJvcXiydS" "b6CGINB"
$> diff -U 3 user_output_test5 test5.output | cat -e

Diff OK :D
= Test 6 ===================================================
$> ./0cy3ouybft8tmyzrdjb30svy "eckCaB8GUV" "ecrkCtnauqB8GUVfN"
$> diff -U 3 user_output_test6 test6.output | cat -e

Diff OK :D
= Test 7 ===================================================
$> ./0htb6ikt63gupgx2surqrff9 "YsZ" "QYsEZ"
$> diff -U 3 user_output_test7 test7.output | cat -e

Diff OK :D
= Test 8 ===================================================
$> ./v0q8zmhvfg7jsipt9p1z7jh5 "gwF6" "GgwSF6pc"
$> diff -U 3 user_output_test8 test8.output | cat -e

Diff OK :D
= Test 9 ===================================================
$> ./o69dppwnc0xlcd8uiz2lnlo9 "9nvxCKr" "b5SwsthM12LuBa0"
$> diff -U 3 user_output_test9 test9.output | cat -e

Diff OK :D
= Test 10 ==================================================
$> ./5fqkz74exy7u6ajpgnj3wwj4 "clj" "clu0jtB"
$> diff -U 3 user_output_test10 test10.output | cat -e

Diff OK :D
= Test 11 ==================================================
$> ./crxanq4xxd982wnn6fkxdd59 "h4yw" "hE4pyNYw"
$> diff -U 3 user_output_test11 test11.output | cat -e

Diff OK :D
= Test 12 ==================================================
$> ./3vwhnhi5kgxq0q52t7eensbe "TPc1zGi0p9w" "QMlG"
$> diff -U 3 user_output_test12 test12.output | cat -e

Diff OK :D
= Test 13 ==================================================
$> ./td1kkrvlnxo81lhdaxgda8y1 "bHFCJgY" "Mb2HcFCRvJgdYt"
$> diff -U 3 user_output_test13 test13.output | cat -e

Diff OK :D
= Test 14 ==================================================
$> ./xzzzsg44bshwzghygpnl52cn "ShYjLyugJF" "rShYjLyuZgfpJF"
$> diff -U 3 user_output_test14 test14.output | cat -e

Diff OK :D
= Test 15 ==================================================
$> ./ypb6nja63oee5vx83ywbggsf "XI" "XtPIm"
$> diff -U 3 user_output_test15 test15.output | cat -e

Diff OK :D
= Test 16 ==================================================
$> ./xvdxpvzkjl9iqusax3vp7lom "O01D" "O70Y1oD"
$> diff -U 3 user_output_test16 test16.output | cat -e

Diff OK :D
= Test 17 ==================================================
$> ./de4z3c3vbc2p5o11d4tqa4mx "qNsz" "RAuZ2Fi"
$> diff -U 3 user_output_test17 test17.output | cat -e

Diff OK :D
= Test 18 ==================================================
$> ./kpal6wvhzikmi48e593wc6td "LI0Q" "2Rts"
$> diff -U 3 user_output_test18 test18.output | cat -e

Diff OK :D
= Test 19 ==================================================
$> ./0vh0cwwej8n76a5wtccsen8f "Q0EdUk" "2VCW9f1ln5"
$> diff -U 3 user_output_test19 test19.output | cat -e

Diff OK :D
= Test 20 ==================================================
$> ./y5jl6vgou246i8ggro84gqby "G5X" "bGr58XL"
$> diff -U 3 user_output_test20 test20.output | cat -e

Diff OK :D
Grade: 1

= Final grade: 1 ===============================================================
